<?xml version="1.0" encoding="UTF-8"?>
<!-- Generated by org.testng.reporters.JUnitReportReporter -->
<testsuite hostname="DESKTOP-U83U5RO" name="WebDriverManager.ExcelRead" tests="2" failures="0" timestamp="21 Jun 2020 05:41:28 GMT" time="0.016" errors="0">
  <testcase name="testDp" time="0.000" classname="WebDriverManager.ExcelRead"/>
  <testcase name="testDp" time="0.016" classname="WebDriverManager.ExcelRead"/>
</testsuite> <!-- WebDriverManager.ExcelRead -->
