<?xml version="1.0" encoding="UTF-8"?>
<!-- Generated by org.testng.reporters.JUnitReportReporter -->
<testsuite hostname="DESKTOP-U83U5RO" name="JavaPractice.ArraysSort" tests="1" failures="0" timestamp="27 Jul 2020 15:12:45 GMT" time="0.016" errors="0">
  <testcase name="sort" time="0.016" classname="JavaPractice.ArraysSort"/>
</testsuite> <!-- JavaPractice.ArraysSort -->
