<?xml version="1.0" encoding="UTF-8"?>
<!-- Generated by org.testng.reporters.JUnitReportReporter -->
<testsuite hostname="DESKTOP-U83U5RO" name="WebDriverManager.DragandDrop" tests="1" failures="0" timestamp="26 Jun 2020 18:40:52 GMT" time="10.572" errors="0">
  <testcase name="dragdropele" time="10.572" classname="WebDriverManager.DragandDrop"/>
</testsuite> <!-- WebDriverManager.DragandDrop -->
