<?xml version="1.0" encoding="UTF-8"?>
<!-- Generated by org.testng.reporters.JUnitReportReporter -->
<testsuite hostname="DESKTOP-U83U5RO" name="WebDriverManager.PushZero" tests="1" failures="0" timestamp="10 Jul 2020 17:33:06 GMT" time="0.010" errors="0">
  <testcase name="test2" time="0.010" classname="WebDriverManager.PushZero"/>
</testsuite> <!-- WebDriverManager.PushZero -->
