<?xml version="1.0" encoding="UTF-8"?>
<!-- Generated by org.testng.reporters.JUnitReportReporter -->
<testsuite hostname="DESKTOP-U83U5RO" name="WebDriverManager.NewTab" tests="1" failures="0" timestamp="2 Aug 2020 07:07:32 GMT" time="4.743" errors="0">
  <testcase name="tab" time="4.743" classname="WebDriverManager.NewTab"/>
</testsuite> <!-- WebDriverManager.NewTab -->
