<?xml version="1.0" encoding="UTF-8"?>
<!-- Generated by org.testng.reporters.JUnitReportReporter -->
<testsuite hostname="DESKTOP-U83U5RO" name="WebDriverManager.ArraysPractice" tests="1" failures="0" timestamp="24 Oct 2020 14:31:27 GMT" time="0.017" errors="0">
  <testcase name="arraylistt" time="0.017" classname="WebDriverManager.ArraysPractice"/>
</testsuite> <!-- WebDriverManager.ArraysPractice -->
