<?xml version="1.0" encoding="UTF-8"?>
<!-- Generated by org.testng.reporters.JUnitReportReporter -->
<testsuite hostname="DESKTOP-U83U5RO" name="WebDriverManager.RWD" tests="1" failures="0" timestamp="26 Jul 2020 07:36:02 GMT" time="4.285" errors="0">
  <testcase name="testingRemote" time="4.285" classname="WebDriverManager.RWD"/>
</testsuite> <!-- WebDriverManager.RWD -->
