<?xml version="1.0" encoding="UTF-8"?>
<!-- Generated by org.testng.reporters.JUnitReportReporter -->
<testsuite hostname="DESKTOP-U83U5RO" name="WebDriverManager.ExcelRead" tests="2" failures="0" timestamp="28 Jul 2020 07:56:56 GMT" time="0.008" errors="0">
  <testcase name="testDp" time="0.000" classname="WebDriverManager.ExcelRead"/>
  <testcase name="testDp" time="0.008" classname="WebDriverManager.ExcelRead"/>
</testsuite> <!-- WebDriverManager.ExcelRead -->
