<?xml version="1.0" encoding="UTF-8"?>
<!-- Generated by org.testng.reporters.JUnitReportReporter -->
<testsuite hostname="DESKTOP-U83U5RO" name="WebDriverManager.SuperMarketttesng" tests="1" failures="0" timestamp="17 Jul 2020 15:50:11 GMT" time="11.030" errors="0">
  <testcase name="testing" time="11.030" classname="WebDriverManager.SuperMarketttesng"/>
</testsuite> <!-- WebDriverManager.SuperMarketttesng -->
