<?xml version="1.0" encoding="UTF-8"?>
<!-- Generated by org.testng.reporters.JUnitReportReporter -->
<testsuite hostname="DESKTOP-U83U5RO" name="WebDriverManager.Filloclass" tests="1" failures="0" timestamp="19 Jun 2020 18:51:26 GMT" time="0.453" errors="0">
  <testcase name="readData" time="0.453" classname="WebDriverManager.Filloclass"/>
</testsuite> <!-- WebDriverManager.Filloclass -->
