<?xml version="1.0" encoding="UTF-8"?>
<!-- Generated by org.testng.reporters.JUnitReportReporter -->
<testsuite hostname="DESKTOP-U83U5RO" name="JavaPractice.Java8DataApiPart2" tests="1" failures="0" timestamp="25 Jul 2020 12:37:54 GMT" time="0.070" errors="0">
  <testcase name="Zonedid" time="0.070" classname="JavaPractice.Java8DataApiPart2"/>
</testsuite> <!-- JavaPractice.Java8DataApiPart2 -->
