<?xml version="1.0" encoding="UTF-8"?>
<!-- Generated by org.testng.reporters.JUnitReportReporter -->
<testsuite hostname="DESKTOP-U83U5RO" name="WebDriverManager.RWD" tests="1" failures="0" timestamp="5 Jul 2020 19:06:25 GMT" time="39.142" errors="0">
  <testcase name="testingRemote" time="39.142" classname="WebDriverManager.RWD"/>
</testsuite> <!-- WebDriverManager.RWD -->
